<?xml version="1.0" encoding="UTF-8"?>
<!-- Generated by org.testng.reporters.JUnitReportReporter -->
<testsuite hostname="NYVKannanMAC" name="com.cucumber.cukerunner" tests="1" failures="0" timestamp="30 Dec 2016 01:31:02 GMT" time="7.891" errors="0">
  <testcase name="run_cukes" time="7.891" classname="com.cucumber.cukerunner"/>
</testsuite> <!-- com.cucumber.cukerunner -->
