<?xml version="1.0" encoding="UTF-8"?>
<!-- Generated by org.testng.reporters.JUnitReportReporter -->
<testsuite hostname="NYVKannanMAC" name="com.cucumber.cukerunner2" tests="1" failures="0" timestamp="29 Dec 2016 23:49:47 GMT" time="23.674" errors="0">
  <testcase name="run_cukes" time="23.674" classname="com.cucumber.cukerunner2"/>
</testsuite> <!-- com.cucumber.cukerunner2 -->
